<?xml version="1.0" encoding="UTF-8"?>
<!-- Generated by org.testng.reporters.JUnitReportReporter -->
<testsuite hostname="DESKTOP-HQ025MA" failures="0" tests="1" name="com.inetBanking.testCases.TC_LoginTest_001" time="3.490" errors="0" timestamp="20 Sep 2022 11:09:51 GMT" skipped="0">
  <testcase classname="com.inetBanking.testCases.TC_LoginTest_001" name="loginTest" time="3.490"/>
</testsuite> <!-- com.inetBanking.testCases.TC_LoginTest_001 -->
